make all --print-data-base --no-builtin-variables --no-builtin-rules --question
make: *** No rule to make target 'all'.  Stop.

# GNU Make 4.3
# Built for x86_64-pc-linux-gnu
# Copyright (C) 1988-2020 Free Software Foundation, Inc.
# License GPLv3+: GNU GPL version 3 or later <http://gnu.org/licenses/gpl.html>
# This is free software: you are free to change and redistribute it.
# There is NO WARRANTY, to the extent permitted by law.

# Make data base, printed on Thu Jul 10 15:57:59 2025

# Variables

# environment
GDK_BACKEND = x11
# environment
LC_ALL = C
# environment
BASHER_PACKAGES_PATH = /home/a/.basher/cellar/packages
# environment
HOMEBREW_PREFIX = /home/a/homebrew
# environment
VSCODE_CRASH_REPORTER_PROCESS_TYPE = extensionHost
# environment
VSCODE_CWD = /home/a
# makefile (from 'Makefile', line 1)
DOCKER_IMAGE = gonzalophp/pp
# environment
LIBVIRT_DEFAULT_URI = qemu:///system
# default
MAKE_COMMAND := make
# environment
APPLICATIONINSIGHTS_CONFIGURATION_CONTENT = {}
# environment
QT_ACCESSIBILITY = 1
# automatic
@D = $(patsubst %/,%,$(dir $@))
# environment
VSCODE_HANDLES_UNCAUGHT_ERRORS = true
# default
.VARIABLES := 
# environment
PWD = /home/a/sites/pension
# automatic
%D = $(patsubst %/,%,$(dir $%))
# environment
PS1 = \u@\h \[\033[32m\]\w\[\033[33m\]$(parse_git_branch)\[\033[00m\] $ 
# environment
XDG_DATA_DIRS = /usr/share/xfce4:/usr/local/share/:/usr/share/:/usr/share
# automatic
^D = $(patsubst %/,%,$(dir $^))
# automatic
%F = $(notdir $%)
# environment
VSCODE_CODE_CACHE_PATH = /home/a/.config/Code/CachedData/2901c5ac6db8a986a5666c3af51ff804d05af0d4
# environment
XDG_SESSION_PATH = /org/freedesktop/DisplayManager/Session0
# environment
LANG = C
# environment
XAUTHORITY = /home/a/.Xauthority
# default
.LOADED := 
# environment
HOMEBREW_REPOSITORY = /home/a/homebrew
# default
.INCLUDE_DIRS = /usr/local/include /usr/include /usr/include
# makefile
MAKEFLAGS = pqrR
# makefile
CURDIR := /home/a/sites/pension
# environment
APPLICATION_INSIGHTS_NO_DIAGNOSTIC_CHANNEL = 1
# environment
VSCODE_L10N_BUNDLE_LOCATION = 
# automatic
*D = $(patsubst %/,%,$(dir $*))
# environment
MFLAGS = -pqrR
# environment
SSH_AUTH_SOCK = /tmp/ssh-gf044Z8QdS7v/agent.1652
# default
.SHELLFLAGS := -c
# environment
XDG_CONFIG_DIRS = /etc/xdg
# automatic
+D = $(patsubst %/,%,$(dir $+))
# environment
XDG_SESSION_DESKTOP = lightdm-xsession
# makefile (from 'Makefile', line 1)
MAKEFILE_LIST := Makefile
# automatic
@F = $(notdir $@)
# environment
VSCODE_PID = 20969
# environment
XDG_SESSION_TYPE = x11
# automatic
?D = $(patsubst %/,%,$(dir $?))
# environment
SESSION_MANAGER = local/debtest:@/tmp/.ICE-unix/1652,unix/debtest:/tmp/.ICE-unix/1652
# automatic
*F = $(notdir $*)
# environment
MANPATH = /home/a/homebrew/share/man:
# environment
CHROME_DESKTOP = code.desktop
# environment
DBUS_SESSION_BUS_ADDRESS = unix:path=/run/user/1000/bus
# automatic
<D = $(patsubst %/,%,$(dir $<))
# environment
VSCODE_NLS_CONFIG = {"userLocale":"en-gb","osLocale":"en-gb","resolvedLanguage":"en","defaultMessagesFile":"/usr/share/code/resources/app/out/nls.messages.json","locale":"en-gb","availableLanguages":{}}
# default
MAKE_HOST := x86_64-pc-linux-gnu
# environment
INFOPATH = /home/a/homebrew/share/info:
# makefile
SHELL = /bin/sh
# default
MAKECMDGOALS := all
# environment
SHLVL = 0
# environment
MAKELEVEL := 0
# default
MAKE = $(MAKE_COMMAND)
# environment
PATH = /home/a/homebrew/bin:/home/a/homebrew/sbin:/home/a/.basher/cellar/bin:/home/a/.basher/bin:/usr/local/bin:/usr/bin:/bin:/usr/local/games:/usr/games:/home/a/.local/share/JetBrains/Toolbox/scripts
# default
MAKEFILES := 
# environment
LANGUAGE = en_GB:en
# automatic
^F = $(notdir $^)
# automatic
?F = $(notdir $?)
# environment
BASHER_ROOT = /home/a/.basher
# environment
XDG_SEAT = seat0
# environment
XDG_CURRENT_DESKTOP = XFCE
# automatic
+F = $(notdir $+)
# environment
XDG_SEAT_PATH = /org/freedesktop/DisplayManager/Seat0
# environment
DESKTOP_SESSION = lightdm-xsession
# environment
ORIGINAL_XDG_CURRENT_DESKTOP = XFCE
# 'override' directive
GNUMAKEFLAGS := 
# environment
LOGNAME = a
# environment
XDG_VTNR = 7
# makefile
.DEFAULT_GOAL := build
# environment
 
DISPLAY = :0.0
# environment
USER = a
# environment
GTK_MODULES = gail:atk-bridge
# default
MAKE_VERSION := 4.3
# environment
BASHER_PREFIX = /home/a/.basher/cellar
# environment
HOMEBREW_CELLAR = /home/a/homebrew/Cellar
# environment
BASHER_SHELL = bash
# environment
SSH_AGENT_PID = 1711
# environment
_ = /usr/share/code/code
# environment
XDG_RUNTIME_DIR = /run/user/1000
# environment
XDG_SESSION_CLASS = user
# environment
HOME = /home/a
# environment
ELECTRON_RUN_AS_NODE = 1
# environment
VSCODE_IPC_HOOK = /run/user/1000/vscode-70ab7683-1.10-main.sock
# environment
XDG_SESSION_ID = 2
# environment
PANEL_GDK_CORE_DEVICE_EVENTS = 0
# default
.RECIPEPREFIX := 
# automatic
<F = $(notdir $<)
# default
SUFFIXES := 
# environment
XDG_GREETER_DATA_DIR = /var/lib/lightdm/data/a
# default
.FEATURES := target-specific order-only second-expansion else-if shortest-stem undefine oneshell nocomment grouped-target extra-prereqs archives jobserver output-sync check-symlink load
# environment
XDG_MENU_PREFIX = xfce-
# environment
VSCODE_ESM_ENTRYPOINT = vs/workbench/api/node/extensionHostProcess
# environment
GDMSESSION = lightdm-xsession
# variable set hash-table stats:
# Load=97/1024=9%, Rehash=0, Collisions=10/127=8%

# Pattern-specific Variable Values

# No pattern-specific variable values.

# Directories

# . (device 64770, inode 2621862): 32 files, no impossibilities.

# 32 files, no impossibilities in 1 directories.

# Implicit Rules

# No implicit rules.

# Files

exec:
#  Implicit rule search has not been done.
#  Modification time never checked.
#  File has not been updated.
#  recipe to execute (from 'Makefile', line 20):
	docker exec -it pp bash

start: remove
#  Implicit rule search has not been done.
#  Modification time never checked.
#  File has not been updated.
#  recipe to execute (from 'Makefile', line 14):
	# prod
	# docker run -e APP_ENV=prod -e APP_DEBUG=0 -p 15000:80 -d --name pp ${DOCKER_IMAGE} 
	# dev
	docker run --restart unless-stopped -e APP_ENV=dev -e APP_DEBUG=1 -p 15000:80 -d --name pp ${DOCKER_IMAGE} 

# Not a target:
Makefile:
#  Implicit rule search has been done.
 
#  Last modified 2025-06-28 20:22:22.85911961
#  File has been updated.
#  Successfully updated.

vendor:
#  Implicit rule search has not been done.
#  Modification time never checked.
#  File has not been updated.
#  recipe to execute (from 'Makefile', line 27):
	docker cp pp:/var/www/pension/vendor .	

stop:
#  Implicit rule search has not been done.
#  Modification time never checked.
#  File has not been updated.
#  recipe to execute (from 'Makefile', line 7):
	docker stop pp ||:
	docker wait pp ||:

rsync:
#  Implicit rule search has not been done.
#  Modification time never checked.
#  File has not been updated.
#  recipe to execute (from 'Makefile', line 23):
	rsync -e 'docker exec -i' -av --exclude .git --exclude nbproject --exclude vendor --exclude var . pp:/var/www/pension/
	# docker exec pp php bin/console cache:clear

tests:
#  Phony target (prerequisite of .PHONY).
#  Implicit rule search has not been done.
#  File does not exist.
#  File has not been updated.
#  recipe to execute (from 'Makefile', line 30):
	vendor/bin/phpunit -c tests/phpunit.xml tests

# Not a target:
.DEFAULT:
#  Implicit rule search has not been done.
#  Modification time never checked.
#  File has not been updated.

# Not a target:
all:
#  Command line target.
#  Implicit rule search has been done.
#  File does not exist.
#  File has not been updated.

build:
#  Implicit rule search has not been done.
#  Modification time never checked.
#  File has not been updated.
#  recipe to execute (from 'Makefile', line 4):
	docker build --compress -t ${DOCKER_IMAGE} -f docker/Dockerfile .

remove: stop
#  Implicit rule search has not been done.
#  Modification time never checked.
#  File has not been updated.
#  recipe to execute (from 'Makefile', line 11):
	docker rm pp ||:

.PHONY: tests
#  Implicit rule search has not been done.
#  Modification time never checked.
#  File has not been updated.

# files hash-table stats:
# Load=13/1024=1%, Rehash=0, Collisions=0/26=0%
# VPATH Search Paths

# No 'vpath' search paths.

# No general ('VPATH' variable) search path.

# strcache buffers: 1 (0) / strings = 44 / storage = 422 B / avg = 9 B
# current buf: size = 8162 B / used = 422 B / count = 44 / avg = 9 B

# strcache performance: lookups = 62 / hit rate = 29%
# hash-table stats:
# Load=44/8192=1%, Rehash=0, Collisions=0/62=0%
 
# Finished Make data base on Thu Jul 10 15:57:59 2025

 
